<?xml version="1.0" encoding="UTF-8"?>
<!-- Generated by org.testng.reporters.JUnitReportReporter -->
<testsuite hostname="IN-4ZY72J3" failures="0" tests="5" name="com.Flipkart_selenium_tests.Account_test" time="65.296" errors="0" timestamp="2022-07-14T22:38:31 IST" skipped="0">
  <testcase classname="com.Flipkart_selenium_tests.Account_test" name="Wishlist" time="12.514"/>
  <system-out/>
  <testcase classname="com.Flipkart_selenium_tests.Account_test" name="Mychats" time="12.975"/>
  <system-out/>
  <testcase classname="com.Flipkart_selenium_tests.Account_test" name="MobileButton" time="13.956"/>
  <system-out/>
  <testcase classname="com.Flipkart_selenium_tests.Account_test" name="SuperCoin" time="15.410"/>
  <system-out/>
  <testcase classname="com.Flipkart_selenium_tests.Account_test" name="Grocery" time="10.441"/>
  <system-out/>
</testsuite> <!-- com.Flipkart_selenium_tests.Account_test -->
