<?xml version="1.0" encoding="UTF-8"?>
<!-- Generated by org.testng.reporters.JUnitReportReporter -->
<testsuite hostname="IN-4ZY72J3" failures="0" tests="1" name="com.Flipkart_selenium_tests.logo_test" time="7.617" errors="0" timestamp="11 Jul 2022 10:33:20 GMT" skipped="0">
  <testcase classname="com.Flipkart_selenium_tests.logo_test" name="MobileNumber" time="7.617"/>
</testsuite> <!-- com.Flipkart_selenium_tests.logo_test -->
