<?xml version="1.0" encoding="UTF-8"?>
<!-- Generated by org.testng.reporters.JUnitReportReporter -->
<testsuite hostname="IN-4ZY72J3" failures="0" tests="2" name="com.Flipkart_selenium_tests.MoreOptions_test" time="16.193" errors="0" timestamp="2022-07-14T22:38:31 IST" skipped="0">
  <testcase classname="com.Flipkart_selenium_tests.MoreOptions_test" name="NotificationPreference" time="8.079"/>
  <system-out/>
  <testcase classname="com.Flipkart_selenium_tests.MoreOptions_test" name="customercare" time="8.114"/>
  <system-out/>
</testsuite> <!-- com.Flipkart_selenium_tests.MoreOptions_test -->
