<?xml version="1.0" encoding="UTF-8"?>
<!-- Generated by org.testng.reporters.JUnitReportReporter -->
<testsuite hostname="IN-4ZY72J3" failures="0" tests="4" name="com.Flipkart_selenium_tests.Login_test" time="29.031" errors="0" timestamp="2022-07-14T03:27:52 IST" skipped="0">
  <testcase classname="com.Flipkart_selenium_tests.Login_test" name="Login" time="6.683"/>
  <system-out/>
  <testcase classname="com.Flipkart_selenium_tests.Login_test" name="Invalid_Login" time="6.753"/>
  <system-out/>
  <testcase classname="com.Flipkart_selenium_tests.Login_test" name="Otp_Login_button" time="6.414"/>
  <system-out/>
  <testcase classname="com.Flipkart_selenium_tests.Login_test" name="Logout" time="9.181"/>
  <system-out/>
</testsuite> <!-- com.Flipkart_selenium_tests.Login_test -->
