<?xml version="1.0" encoding="UTF-8"?>
<!-- Generated by org.testng.reporters.JUnitReportReporter -->
<testsuite hostname="IN-4ZY72J3" failures="0" tests="5" name="com.Flipkart_selenium_tests.Account_test" time="66.733" errors="0" timestamp="2022-07-14T03:27:52 IST" skipped="0">
  <testcase classname="com.Flipkart_selenium_tests.Account_test" name="Wishlist" time="14.793"/>
  <system-out/>
  <testcase classname="com.Flipkart_selenium_tests.Account_test" name="Mychats" time="13.209"/>
  <system-out/>
  <testcase classname="com.Flipkart_selenium_tests.Account_test" name="MobileButton" time="10.710"/>
  <system-out/>
  <testcase classname="com.Flipkart_selenium_tests.Account_test" name="SuperCoin" time="16.060"/>
  <system-out/>
  <testcase classname="com.Flipkart_selenium_tests.Account_test" name="Grocery" time="11.961"/>
  <system-out/>
</testsuite> <!-- com.Flipkart_selenium_tests.Account_test -->
