<?xml version="1.0" encoding="UTF-8"?>
<!-- Generated by org.testng.reporters.JUnitReportReporter -->
<testsuite hostname="IN-4ZY72J3" failures="0" tests="1" name="com.Flipkart_selenium_tests.Home_test" time="13.852" errors="0" timestamp="2022-07-14T18:43:21 IST" skipped="0">
  <testcase classname="com.Flipkart_selenium_tests.Home_test" name="Seller_Register" time="13.852"/>
  <system-out/>
</testsuite> <!-- com.Flipkart_selenium_tests.Home_test -->
