<?xml version="1.0" encoding="UTF-8"?>
<!-- Generated by org.testng.reporters.JUnitReportReporter -->
<testsuite hostname="IN-4ZY72J3" failures="0" tests="4" name="com.Flipkart_selenium_tests.Login_test" time="26.897" errors="0" timestamp="2022-07-14T22:38:31 IST" skipped="0">
  <testcase classname="com.Flipkart_selenium_tests.Login_test" name="Login" time="7.010"/>
  <system-out/>
  <testcase classname="com.Flipkart_selenium_tests.Login_test" name="Invalid_Login" time="5.813"/>
  <system-out/>
  <testcase classname="com.Flipkart_selenium_tests.Login_test" name="Otp_Login_button" time="5.681"/>
  <system-out/>
  <testcase classname="com.Flipkart_selenium_tests.Login_test" name="Logout" time="8.393"/>
  <system-out/>
</testsuite> <!-- com.Flipkart_selenium_tests.Login_test -->
