<?xml version="1.0" encoding="UTF-8"?>
<!-- Generated by org.testng.reporters.JUnitReportReporter -->
<testsuite hostname="IN-4ZY72J3" failures="0" tests="1" name="com.Flipkart_selenium_tests.remove_test" time="4.364" errors="0" timestamp="11 Jul 2022 06:34:02 GMT" skipped="0">
  <testcase classname="com.Flipkart_selenium_tests.remove_test" name="cancel" time="4.364"/>
</testsuite> <!-- com.Flipkart_selenium_tests.remove_test -->
