<?xml version="1.0" encoding="UTF-8"?>
<!-- Generated by org.testng.reporters.JUnitReportReporter -->
<testsuite hostname="IN-4ZY72J3" failures="0" tests="1" name="com.Flipkart_selenium_tests.Flights_test" time="9.082" errors="0" timestamp="2022-07-14T22:38:31 IST" skipped="0">
  <testcase classname="com.Flipkart_selenium_tests.Flights_test" name="FlightTravel" time="9.082"/>
  <system-out/>
</testsuite> <!-- com.Flipkart_selenium_tests.Flights_test -->
