<?xml version="1.0" encoding="UTF-8"?>
<!-- Generated by org.testng.reporters.JUnitReportReporter -->
<testsuite hostname="IN-4ZY72J3" failures="0" tests="2" name="com.Flipkart_selenium_tests.MoreOptions_test" time="18.114" errors="0" timestamp="2022-07-14T03:27:52 IST" skipped="0">
  <testcase classname="com.Flipkart_selenium_tests.MoreOptions_test" name="NotificationPreference" time="9.152"/>
  <system-out/>
  <testcase classname="com.Flipkart_selenium_tests.MoreOptions_test" name="customercare" time="8.962"/>
  <system-out/>
</testsuite> <!-- com.Flipkart_selenium_tests.MoreOptions_test -->
