<?xml version="1.0" encoding="UTF-8"?>
<!-- Generated by org.testng.reporters.JUnitReportReporter -->
<testsuite hostname="IN-4ZY72J3" failures="0" tests="9" name="com.Flipkart_selenium_tests.Home_test" time="74.366" errors="0" timestamp="2022-07-14T03:27:52 IST" skipped="0">
  <testcase classname="com.Flipkart_selenium_tests.Home_test" name="Logo" time="4.593"/>
  <system-out/>
  <testcase classname="com.Flipkart_selenium_tests.Home_test" name="ship" time="9.048"/>
  <system-out/>
  <testcase classname="com.Flipkart_selenium_tests.Home_test" name="cross_login_box" time="4.484"/>
  <system-out/>
  <testcase classname="com.Flipkart_selenium_tests.Home_test" name="search" time="6.375"/>
  <system-out/>
  <testcase classname="com.Flipkart_selenium_tests.Home_test" name="sort_by_popularity" time="8.716"/>
  <system-out/>
  <testcase classname="com.Flipkart_selenium_tests.Home_test" name="wholesale" time="8.178"/>
  <system-out/>
  <testcase classname="com.Flipkart_selenium_tests.Home_test" name="Seller_Register" time="11.417"/>
  <system-out/>
  <testcase classname="com.Flipkart_selenium_tests.Home_test" name="Cart" time="10.999"/>
  <system-out/>
  <testcase classname="com.Flipkart_selenium_tests.Home_test" name="Payment" time="10.556"/>
  <system-out/>
</testsuite> <!-- com.Flipkart_selenium_tests.Home_test -->
